ConnectivityThread
DefaultDispatcher-worker-1
DefaultDispatcher-worker-2
DefaultDispatcher-worker-3
DefaultDispatcher-worker-4
DefaultDispatcher-worker-5
DefaultDispatcher-worker-6
FinalizerDaemon
FinalizerWatchdogDaemon
HeapTaskDaemon
OkHttp Dispatcher
OkHttp TaskRunner
OkHttp TaskRunner
OkHttp TaskRunner
OkHttp https://b.thumbs.redditmedia.com/...
OkHttp https://b.thumbs.redditmedia.com/...
OkHttp https://b.thumbs.redditmedia.com/...
OkHttp https://b.thumbs.redditmedia.com/...
OkHttp https://b.thumbs.redditmedia.com/...
OkHttp www.reddit.com
Okio Watchdog
ReferenceQueueDaemon
WM.task-1
WM.task-2
WM.task-3
androidx.work-1
kotlinx.coroutines.DefaultExecutor
main
queued-work-looper